PRT1
144
348
168
4 0 24 0 (2048 2048 2048 ) (2048 2048 2240 ) (2048 2880 2240 ) (2048 2880 2048 ) 
4 0 4 0 (2048 2048 2240 ) (2048 2048 2048 ) (2880 2048 2048 ) (2880 2048 2240 ) 
4 0 1 0 (2880 2048 2048 ) (2048 2048 2048 ) (2048 2880 2048 ) (2880 2880 2048 ) 
4 1 25 0 (2048 2048 1024 ) (2048 2048 2048 ) (2048 2880 2048 ) (2048 2880 1024 ) 
4 1 5 0 (2048 2048 2048 ) (2048 2048 1024 ) (2880 2048 1024 ) (2880 2048 2048 ) 
4 1 2 0 (2880 2048 1024 ) (2048 2048 1024 ) (2048 2880 1024 ) (2880 2880 1024 ) 
4 2 26 0 (2048 2048 0 ) (2048 2048 1024 ) (2048 2880 1024 ) (2048 2880 0 ) 
4 2 6 0 (2048 2048 1024 ) (2048 2048 0 ) (2880 2048 0 ) (2880 2048 1024 ) 
4 2 3 0 (2880 2048 0 ) (2048 2048 0 ) (2048 2880 0 ) (2880 2880 0 ) 
4 3 27 0 (2048 2048 -320 ) (2048 2048 0 ) (2048 2880 0 ) (2048 2880 -320 ) 
4 3 7 0 (2048 2048 0 ) (2048 2048 -320 ) (2880 2048 -320 ) (2880 2048 0 ) 
4 4 28 0 (2048 1024 2048 ) (2048 1024 2240 ) (2048 2048 2240 ) (2048 2048 2048 ) 
4 4 8 0 (2048 1024 2240 ) (2048 1024 2048 ) (2880 1024 2048 ) (2880 1024 2240 ) 
4 4 5 0 (2880 1024 2048 ) (2048 1024 2048 ) (2048 2048 2048 ) (2880 2048 2048 ) 
4 5 29 0 (2048 1024 1024 ) (2048 1024 2048 ) (2048 2048 2048 ) (2048 2048 1024 ) 
4 5 9 0 (2048 1024 2048 ) (2048 1024 1024 ) (2880 1024 1024 ) (2880 1024 2048 ) 
4 5 6 0 (2880 1024 1024 ) (2048 1024 1024 ) (2048 2048 1024 ) (2880 2048 1024 ) 
4 6 30 0 (2048 1024 0 ) (2048 1024 1024 ) (2048 2048 1024 ) (2048 2048 0 ) 
4 6 10 0 (2048 1024 1024 ) (2048 1024 0 ) (2880 1024 0 ) (2880 1024 1024 ) 
4 6 7 0 (2880 1024 0 ) (2048 1024 0 ) (2048 2048 0 ) (2880 2048 0 ) 
4 7 31 0 (2048 1024 -320 ) (2048 1024 0 ) (2048 2048 0 ) (2048 2048 -320 ) 
4 7 11 0 (2048 1024 0 ) (2048 1024 -320 ) (2880 1024 -320 ) (2880 1024 0 ) 
4 8 32 0 (2048 0 2048 ) (2048 0 2240 ) (2048 1024 2240 ) (2048 1024 2048 ) 
4 8 12 0 (2048 0 2240 ) (2048 0 2048 ) (2880 0 2048 ) (2880 0 2240 ) 
4 8 9 0 (2880 0 2048 ) (2048 0 2048 ) (2048 1024 2048 ) (2880 1024 2048 ) 
4 9 33 0 (2048 0 1024 ) (2048 0 2048 ) (2048 1024 2048 ) (2048 1024 1024 ) 
4 9 13 0 (2048 0 2048 ) (2048 0 1024 ) (2880 0 1024 ) (2880 0 2048 ) 
4 9 10 0 (2880 0 1024 ) (2048 0 1024 ) (2048 1024 1024 ) (2880 1024 1024 ) 
4 10 34 0 (2048 0 0 ) (2048 0 1024 ) (2048 1024 1024 ) (2048 1024 0 ) 
4 10 14 0 (2048 0 1024 ) (2048 0 0 ) (2880 0 0 ) (2880 0 1024 ) 
4 10 11 0 (2880 0 0 ) (2048 0 0 ) (2048 1024 0 ) (2880 1024 0 ) 
4 11 35 0 (2048 0 -320 ) (2048 0 0 ) (2048 1024 0 ) (2048 1024 -320 ) 
4 11 15 0 (2048 0 0 ) (2048 0 -320 ) (2880 0 -320 ) (2880 0 0 ) 
4 12 36 0 (2048 -1024 2048 ) (2048 -1024 2240 ) (2048 0 2240 ) (2048 0 2048 ) 
4 12 16 0 (2048 -1024 2240 ) (2048 -1024 2048 ) (2880 -1024 2048 ) (2880 -1024 2240 ) 
4 12 13 0 (2880 -1024 2048 ) (2048 -1024 2048 ) (2048 0 2048 ) (2880 0 2048 ) 
4 13 37 0 (2048 -1024 1024 ) (2048 -1024 2048 ) (2048 0 2048 ) (2048 0 1024 ) 
4 13 17 0 (2048 -1024 2048 ) (2048 -1024 1024 ) (2880 -1024 1024 ) (2880 -1024 2048 ) 
4 13 14 0 (2880 -1024 1024 ) (2048 -1024 1024 ) (2048 0 1024 ) (2880 0 1024 ) 
4 14 38 0 (2048 -1024 0 ) (2048 -1024 1024 ) (2048 0 1024 ) (2048 0 0 ) 
4 14 18 0 (2048 -1024 1024 ) (2048 -1024 0 ) (2880 -1024 0 ) (2880 -1024 1024 ) 
4 14 15 0 (2880 -1024 0 ) (2048 -1024 0 ) (2048 0 0 ) (2880 0 0 ) 
4 15 39 0 (2048 -1024 -320 ) (2048 -1024 0 ) (2048 0 0 ) (2048 0 -320 ) 
4 15 19 0 (2048 -1024 0 ) (2048 -1024 -320 ) (2880 -1024 -320 ) (2880 -1024 0 ) 
4 16 40 0 (2048 -2048 2048 ) (2048 -2048 2240 ) (2048 -1024 2240 ) (2048 -1024 2048 ) 
4 16 20 0 (2048 -2048 2240 ) (2048 -2048 2048 ) (2880 -2048 2048 ) (2880 -2048 2240 ) 
4 16 17 0 (2880 -2048 2048 ) (2048 -2048 2048 ) (2048 -1024 2048 ) (2880 -1024 2048 ) 
4 17 41 0 (2048 -2048 1024 ) (2048 -2048 2048 ) (2048 -1024 2048 ) (2048 -1024 1024 ) 
4 17 21 0 (2048 -2048 2048 ) (2048 -2048 1024 ) (2880 -2048 1024 ) (2880 -2048 2048 ) 
4 17 18 0 (2880 -2048 1024 ) (2048 -2048 1024 ) (2048 -1024 1024 ) (2880 -1024 1024 ) 
4 18 42 0 (2048 -2048 0 ) (2048 -2048 1024 ) (2048 -1024 1024 ) (2048 -1024 0 ) 
4 18 22 0 (2048 -2048 1024 ) (2048 -2048 0 ) (2880 -2048 0 ) (2880 -2048 1024 ) 
4 18 19 0 (2880 -2048 0 ) (2048 -2048 0 ) (2048 -1024 0 ) (2880 -1024 0 ) 
4 19 43 0 (2048 -2048 -320 ) (2048 -2048 0 ) (2048 -1024 0 ) (2048 -1024 -320 ) 
4 19 23 0 (2048 -2048 0 ) (2048 -2048 -320 ) (2880 -2048 -320 ) (2880 -2048 0 ) 
4 20 44 0 (2048 -2880 2240 ) (2048 -2048 2240 ) (2048 -2048 2048 ) (2048 -2880 2048 ) 
4 20 21 0 (2048 -2880 2048 ) (2048 -2048 2048 ) (2880 -2048 2048 ) (2880 -2880 2048 ) 
4 21 45 0 (2048 -2880 2048 ) (2048 -2048 2048 ) (2048 -2048 1024 ) (2048 -2880 1024 ) 
4 21 22 0 (2048 -2880 1024 ) (2048 -2048 1024 ) (2880 -2048 1024 ) (2880 -2880 1024 ) 
4 22 46 0 (2048 -2880 1024 ) (2048 -2048 1024 ) (2048 -2048 0 ) (2048 -2880 0 ) 
4 22 23 0 (2048 -2880 0 ) (2048 -2048 0 ) (2880 -2048 0 ) (2880 -2880 0 ) 
4 23 47 0 (2048 -2880 0 ) (2048 -2048 0 ) (2048 -2048 -320 ) (2048 -2880 -320 ) 
4 24 48 0 (1024 2880 2048 ) (1024 2048 2048 ) (1024 2048 2240 ) (1024 2880 2240 ) 
4 24 28 0 (1024 2048 2240 ) (1024 2048 2048 ) (2048 2048 2048 ) (2048 2048 2240 ) 
4 24 25 0 (2048 2048 2048 ) (1024 2048 2048 ) (1024 2880 2048 ) (2048 2880 2048 ) 
4 25 49 0 (1024 2880 1024 ) (1024 2048 1024 ) (1024 2048 2048 ) (1024 2880 2048 ) 
4 25 29 0 (1024 2048 2048 ) (1024 2048 1024 ) (2048 2048 1024 ) (2048 2048 2048 ) 
4 25 26 0 (2048 2048 1024 ) (1024 2048 1024 ) (1024 2880 1024 ) (2048 2880 1024 ) 
4 26 50 0 (1024 2880 0 ) (1024 2048 0 ) (1024 2048 1024 ) (1024 2880 1024 ) 
4 26 30 0 (1024 2048 1024 ) (1024 2048 0 ) (2048 2048 0 ) (2048 2048 1024 ) 
4 26 27 0 (2048 2048 0 ) (1024 2048 0 ) (1024 2880 0 ) (2048 2880 0 ) 
4 27 51 0 (1024 2880 -320 ) (1024 2048 -320 ) (1024 2048 0 ) (1024 2880 0 ) 
4 27 31 0 (1024 2048 0 ) (1024 2048 -320 ) (2048 2048 -320 ) (2048 2048 0 ) 
4 28 52 0 (1024 1024 2048 ) (1024 1024 2240 ) (1024 2048 2240 ) (1024 2048 2048 ) 
4 28 32 0 (1024 1024 2240 ) (1024 1024 2048 ) (2048 1024 2048 ) (2048 1024 2240 ) 
4 28 29 0 (2048 1024 2048 ) (1024 1024 2048 ) (1024 2048 2048 ) (2048 2048 2048 ) 
4 29 53 0 (1024 1024 1024 ) (1024 1024 2048 ) (1024 2048 2048 ) (1024 2048 1024 ) 
4 29 33 0 (1024 1024 2048 ) (1024 1024 1024 ) (2048 1024 1024 ) (2048 1024 2048 ) 
4 29 30 0 (2048 1024 1024 ) (1024 1024 1024 ) (1024 2048 1024 ) (2048 2048 1024 ) 
4 30 54 0 (1024 1024 0 ) (1024 1024 1024 ) (1024 2048 1024 ) (1024 2048 0 ) 
4 30 34 0 (1024 1024 1024 ) (1024 1024 0 ) (2048 1024 0 ) (2048 1024 1024 ) 
4 30 31 0 (2048 1024 0 ) (1024 1024 0 ) (1024 2048 0 ) (2048 2048 0 ) 
4 31 55 0 (1024 1024 -320 ) (1024 1024 0 ) (1024 2048 0 ) (1024 2048 -320 ) 
4 31 35 0 (1024 1024 0 ) (1024 1024 -320 ) (2048 1024 -320 ) (2048 1024 0 ) 
4 32 56 0 (1024 0 2048 ) (1024 0 2240 ) (1024 1024 2240 ) (1024 1024 2048 ) 
4 32 36 0 (1024 0 2240 ) (1024 0 2048 ) (2048 0 2048 ) (2048 0 2240 ) 
4 32 33 0 (2048 0 2048 ) (1024 0 2048 ) (1024 1024 2048 ) (2048 1024 2048 ) 
4 33 57 0 (1024 0 1024 ) (1024 0 2048 ) (1024 1024 2048 ) (1024 1024 1024 ) 
4 33 37 0 (1024 0 2048 ) (1024 0 1024 ) (2048 0 1024 ) (2048 0 2048 ) 
4 33 34 0 (2048 0 1024 ) (1024 0 1024 ) (1024 1024 1024 ) (2048 1024 1024 ) 
4 34 58 0 (1024 0 0 ) (1024 0 1024 ) (1024 1024 1024 ) (1024 1024 0 ) 
4 34 38 0 (1024 0 1024 ) (1024 0 0 ) (2048 0 0 ) (2048 0 1024 ) 
4 34 35 0 (2048 0 0 ) (1024 0 0 ) (1024 1024 0 ) (2048 1024 0 ) 
4 35 59 0 (1024 0 -320 ) (1024 0 0 ) (1024 1024 0 ) (1024 1024 -320 ) 
4 35 39 0 (1024 0 0 ) (1024 0 -320 ) (2048 0 -320 ) (2048 0 0 ) 
4 36 60 0 (1024 -1024 2048 ) (1024 -1024 2240 ) (1024 0 2240 ) (1024 0 2048 ) 
4 36 40 0 (1024 -1024 2240 ) (1024 -1024 2048 ) (2048 -1024 2048 ) (2048 -1024 2240 ) 
4 36 37 0 (2048 -1024 2048 ) (1024 -1024 2048 ) (1024 0 2048 ) (2048 0 2048 ) 
4 37 61 0 (1024 -1024 1024 ) (1024 -1024 2048 ) (1024 0 2048 ) (1024 0 1024 ) 
4 37 41 0 (1024 -1024 2048 ) (1024 -1024 1024 ) (2048 -1024 1024 ) (2048 -1024 2048 ) 
4 37 38 0 (2048 -1024 1024 ) (1024 -1024 1024 ) (1024 0 1024 ) (2048 0 1024 ) 
4 38 62 0 (1024 -1024 0 ) (1024 -1024 1024 ) (1024 0 1024 ) (1024 0 0 ) 
4 38 42 0 (1024 -1024 1024 ) (1024 -1024 0 ) (2048 -1024 0 ) (2048 -1024 1024 ) 
4 38 39 0 (2048 -1024 0 ) (1024 -1024 0 ) (1024 0 0 ) (2048 0 0 ) 
4 39 63 0 (1024 -1024 -320 ) (1024 -1024 0 ) (1024 0 0 ) (1024 0 -320 ) 
4 39 43 0 (1024 -1024 0 ) (1024 -1024 -320 ) (2048 -1024 -320 ) (2048 -1024 0 ) 
4 40 64 0 (1024 -2048 2048 ) (1024 -2048 2240 ) (1024 -1024 2240 ) (1024 -1024 2048 ) 
4 40 44 0 (1024 -2048 2240 ) (1024 -2048 2048 ) (2048 -2048 2048 ) (2048 -2048 2240 ) 
4 40 41 0 (2048 -2048 2048 ) (1024 -2048 2048 ) (1024 -1024 2048 ) (2048 -1024 2048 ) 
4 41 65 0 (1024 -2048 1024 ) (1024 -2048 2048 ) (1024 -1024 2048 ) (1024 -1024 1024 ) 
4 41 45 0 (1024 -2048 2048 ) (1024 -2048 1024 ) (2048 -2048 1024 ) (2048 -2048 2048 ) 
4 41 42 0 (2048 -2048 1024 ) (1024 -2048 1024 ) (1024 -1024 1024 ) (2048 -1024 1024 ) 
4 42 66 0 (1024 -2048 0 ) (1024 -2048 1024 ) (1024 -1024 1024 ) (1024 -1024 0 ) 
4 42 46 0 (1024 -2048 1024 ) (1024 -2048 0 ) (2048 -2048 0 ) (2048 -2048 1024 ) 
4 42 43 0 (2048 -2048 0 ) (1024 -2048 0 ) (1024 -1024 0 ) (2048 -1024 0 ) 
4 43 67 0 (1024 -2048 -320 ) (1024 -2048 0 ) (1024 -1024 0 ) (1024 -1024 -320 ) 
4 43 47 0 (1024 -2048 0 ) (1024 -2048 -320 ) (2048 -2048 -320 ) (2048 -2048 0 ) 
4 44 68 0 (1024 -2048 2240 ) (1024 -2048 2048 ) (1024 -2880 2048 ) (1024 -2880 2240 ) 
4 44 45 0 (1024 -2880 2048 ) (1024 -2048 2048 ) (2048 -2048 2048 ) (2048 -2880 2048 ) 
4 45 69 0 (1024 -2880 2048 ) (1024 -2048 2048 ) (1024 -2048 1024 ) (1024 -2880 1024 ) 
4 45 46 0 (1024 -2880 1024 ) (1024 -2048 1024 ) (2048 -2048 1024 ) (2048 -2880 1024 ) 
4 46 70 0 (1024 -2880 1024 ) (1024 -2048 1024 ) (1024 -2048 0 ) (1024 -2880 0 ) 
4 46 47 0 (1024 -2880 0 ) (1024 -2048 0 ) (2048 -2048 0 ) (2048 -2880 0 ) 
4 47 71 0 (1024 -2880 0 ) (1024 -2048 0 ) (1024 -2048 -320 ) (1024 -2880 -320 ) 
4 48 72 0 (0 2048 2048 ) (0 2048 2240 ) (0 2880 2240 ) (0 2880 2048 ) 
4 48 52 0 (0 2048 2240 ) (0 2048 2048 ) (1024 2048 2048 ) (1024 2048 2240 ) 
4 48 49 0 (1024 2048 2048 ) (0 2048 2048 ) (0 2880 2048 ) (1024 2880 2048 ) 
4 49 73 0 (0 2048 1024 ) (0 2048 2048 ) (0 2880 2048 ) (0 2880 1024 ) 
4 49 53 0 (0 2048 2048 ) (0 2048 1024 ) (1024 2048 1024 ) (1024 2048 2048 ) 
4 49 50 0 (1024 2048 1024 ) (0 2048 1024 ) (0 2880 1024 ) (1024 2880 1024 ) 
4 50 74 0 (0 2048 0 ) (0 2048 1024 ) (0 2880 1024 ) (0 2880 0 ) 
4 50 54 0 (0 2048 1024 ) (0 2048 0 ) (1024 2048 0 ) (1024 2048 1024 ) 
4 50 51 0 (1024 2048 0 ) (0 2048 0 ) (0 2880 0 ) (1024 2880 0 ) 
4 51 75 0 (0 2048 -320 ) (0 2048 0 ) (0 2880 0 ) (0 2880 -320 ) 
4 51 55 0 (0 2048 0 ) (0 2048 -320 ) (1024 2048 -320 ) (1024 2048 0 ) 
4 52 76 0 (0 1024 2048 ) (0 1024 2240 ) (0 2048 2240 ) (0 2048 2048 ) 
4 52 56 0 (0 1024 2240 ) (0 1024 2048 ) (1024 1024 2048 ) (1024 1024 2240 ) 
4 52 53 0 (1024 1024 2048 ) (0 1024 2048 ) (0 2048 2048 ) (1024 2048 2048 ) 
4 53 77 0 (0 1024 1024 ) (0 1024 2048 ) (0 2048 2048 ) (0 2048 1024 ) 
4 53 57 0 (0 1024 2048 ) (0 1024 1024 ) (1024 1024 1024 ) (1024 1024 2048 ) 
4 53 54 0 (1024 1024 1024 ) (0 1024 1024 ) (0 2048 1024 ) (1024 2048 1024 ) 
4 54 78 0 (0 1024 0 ) (0 1024 1024 ) (0 2048 1024 ) (0 2048 0 ) 
4 54 58 0 (0 1024 1024 ) (0 1024 0 ) (1024 1024 0 ) (1024 1024 1024 ) 
4 54 55 0 (1024 1024 0 ) (0 1024 0 ) (0 2048 0 ) (1024 2048 0 ) 
4 55 79 0 (0 1024 -320 ) (0 1024 0 ) (0 2048 0 ) (0 2048 -320 ) 
4 55 59 0 (0 1024 0 ) (0 1024 -320 ) (1024 1024 -320 ) (1024 1024 0 ) 
4 56 80 0 (0 0 2048 ) (0 0 2240 ) (0 1024 2240 ) (0 1024 2048 ) 
4 56 60 0 (0 0 2240 ) (0 0 2048 ) (1024 0 2048 ) (1024 0 2240 ) 
4 56 57 0 (1024 0 2048 ) (0 0 2048 ) (0 1024 2048 ) (1024 1024 2048 ) 
4 57 81 0 (0 0 1024 ) (0 0 2048 ) (0 1024 2048 ) (0 1024 1024 ) 
4 57 61 0 (0 0 2048 ) (0 0 1024 ) (1024 0 1024 ) (1024 0 2048 ) 
4 57 58 0 (1024 0 1024 ) (0 0 1024 ) (0 1024 1024 ) (1024 1024 1024 ) 
4 58 82 0 (0 0 0 ) (0 0 1024 ) (0 1024 1024 ) (0 1024 0 ) 
4 58 62 0 (0 0 1024 ) (0 0 0 ) (1024 0 0 ) (1024 0 1024 ) 
4 58 59 0 (1024 0 0 ) (0 0 0 ) (0 1024 0 ) (1024 1024 0 ) 
4 59 83 0 (0 0 -320 ) (0 0 0 ) (0 1024 0 ) (0 1024 -320 ) 
4 59 63 0 (0 0 0 ) (0 0 -320 ) (1024 0 -320 ) (1024 0 0 ) 
4 60 84 0 (0 -1024 2048 ) (0 -1024 2240 ) (0 0 2240 ) (0 0 2048 ) 
4 60 64 0 (0 -1024 2240 ) (0 -1024 2048 ) (1024 -1024 2048 ) (1024 -1024 2240 ) 
4 60 61 0 (1024 -1024 2048 ) (0 -1024 2048 ) (0 0 2048 ) (1024 0 2048 ) 
4 61 85 0 (0 -1024 1024 ) (0 -1024 2048 ) (0 0 2048 ) (0 0 1024 ) 
4 61 65 0 (0 -1024 2048 ) (0 -1024 1024 ) (1024 -1024 1024 ) (1024 -1024 2048 ) 
4 61 62 0 (1024 -1024 1024 ) (0 -1024 1024 ) (0 0 1024 ) (1024 0 1024 ) 
4 62 86 0 (0 -1024 0 ) (0 -1024 1024 ) (0 0 1024 ) (0 0 0 ) 
4 62 66 0 (0 -1024 1024 ) (0 -1024 0 ) (1024 -1024 0 ) (1024 -1024 1024 ) 
4 62 63 0 (1024 -1024 0 ) (0 -1024 0 ) (0 0 0 ) (1024 0 0 ) 
4 63 87 0 (0 -1024 -320 ) (0 -1024 0 ) (0 0 0 ) (0 0 -320 ) 
4 63 67 0 (0 -1024 0 ) (0 -1024 -320 ) (1024 -1024 -320 ) (1024 -1024 0 ) 
4 64 88 0 (0 -2048 2048 ) (0 -2048 2240 ) (0 -1024 2240 ) (0 -1024 2048 ) 
4 64 68 0 (0 -2048 2240 ) (0 -2048 2048 ) (1024 -2048 2048 ) (1024 -2048 2240 ) 
4 64 65 0 (1024 -2048 2048 ) (0 -2048 2048 ) (0 -1024 2048 ) (1024 -1024 2048 ) 
4 65 89 0 (0 -2048 1024 ) (0 -2048 2048 ) (0 -1024 2048 ) (0 -1024 1024 ) 
4 65 69 0 (0 -2048 2048 ) (0 -2048 1024 ) (1024 -2048 1024 ) (1024 -2048 2048 ) 
4 65 66 0 (1024 -2048 1024 ) (0 -2048 1024 ) (0 -1024 1024 ) (1024 -1024 1024 ) 
4 66 90 0 (0 -2048 0 ) (0 -2048 1024 ) (0 -1024 1024 ) (0 -1024 0 ) 
4 66 70 0 (0 -2048 1024 ) (0 -2048 0 ) (1024 -2048 0 ) (1024 -2048 1024 ) 
4 66 67 0 (1024 -2048 0 ) (0 -2048 0 ) (0 -1024 0 ) (1024 -1024 0 ) 
4 67 91 0 (0 -2048 -320 ) (0 -2048 0 ) (0 -1024 0 ) (0 -1024 -320 ) 
4 67 71 0 (0 -2048 0 ) (0 -2048 -320 ) (1024 -2048 -320 ) (1024 -2048 0 ) 
4 68 92 0 (0 -2880 2240 ) (0 -2048 2240 ) (0 -2048 2048 ) (0 -2880 2048 ) 
4 68 69 0 (0 -2880 2048 ) (0 -2048 2048 ) (1024 -2048 2048 ) (1024 -2880 2048 ) 
4 69 93 0 (0 -2880 2048 ) (0 -2048 2048 ) (0 -2048 1024 ) (0 -2880 1024 ) 
4 69 70 0 (0 -2880 1024 ) (0 -2048 1024 ) (1024 -2048 1024 ) (1024 -2880 1024 ) 
4 70 94 0 (0 -2880 1024 ) (0 -2048 1024 ) (0 -2048 0 ) (0 -2880 0 ) 
4 70 71 0 (0 -2880 0 ) (0 -2048 0 ) (1024 -2048 0 ) (1024 -2880 0 ) 
4 71 95 0 (0 -2880 -320 ) (0 -2880 0 ) (0 -2048 0 ) (0 -2048 -320 ) 
4 72 96 0 (-1024 2880 2048 ) (-1024 2048 2048 ) (-1024 2048 2240 ) (-1024 2880 2240 ) 
4 72 76 0 (-1024 2048 2240 ) (-1024 2048 2048 ) (0 2048 2048 ) (0 2048 2240 ) 
4 72 73 0 (0 2048 2048 ) (-1024 2048 2048 ) (-1024 2880 2048 ) (0 2880 2048 ) 
4 73 97 0 (-1024 2880 1024 ) (-1024 2048 1024 ) (-1024 2048 2048 ) (-1024 2880 2048 ) 
4 73 77 0 (-1024 2048 2048 ) (-1024 2048 1024 ) (0 2048 1024 ) (0 2048 2048 ) 
4 73 74 0 (0 2048 1024 ) (-1024 2048 1024 ) (-1024 2880 1024 ) (0 2880 1024 ) 
4 74 98 0 (-1024 2880 0 ) (-1024 2048 0 ) (-1024 2048 1024 ) (-1024 2880 1024 ) 
4 74 78 0 (-1024 2048 1024 ) (-1024 2048 0 ) (0 2048 0 ) (0 2048 1024 ) 
4 74 75 0 (0 2048 0 ) (-1024 2048 0 ) (-1024 2880 0 ) (0 2880 0 ) 
4 75 99 0 (-1024 2880 -320 ) (-1024 2048 -320 ) (-1024 2048 0 ) (-1024 2880 0 ) 
4 75 79 0 (-1024 2048 0 ) (-1024 2048 -320 ) (0 2048 -320 ) (0 2048 0 ) 
4 76 100 0 (-1024 1024 2048 ) (-1024 1024 2240 ) (-1024 2048 2240 ) (-1024 2048 2048 ) 
4 76 80 0 (-1024 1024 2240 ) (-1024 1024 2048 ) (0 1024 2048 ) (0 1024 2240 ) 
4 76 77 0 (0 1024 2048 ) (-1024 1024 2048 ) (-1024 2048 2048 ) (0 2048 2048 ) 
4 77 101 0 (-1024 1024 1024 ) (-1024 1024 2048 ) (-1024 2048 2048 ) (-1024 2048 1024 ) 
4 77 81 0 (-1024 1024 2048 ) (-1024 1024 1024 ) (0 1024 1024 ) (0 1024 2048 ) 
4 77 78 0 (0 1024 1024 ) (-1024 1024 1024 ) (-1024 2048 1024 ) (0 2048 1024 ) 
4 78 102 0 (-1024 1024 0 ) (-1024 1024 1024 ) (-1024 2048 1024 ) (-1024 2048 0 ) 
4 78 82 0 (-1024 1024 1024 ) (-1024 1024 0 ) (0 1024 0 ) (0 1024 1024 ) 
4 78 79 0 (0 1024 0 ) (-1024 1024 0 ) (-1024 2048 0 ) (0 2048 0 ) 
4 79 103 0 (-1024 1024 -320 ) (-1024 1024 0 ) (-1024 2048 0 ) (-1024 2048 -320 ) 
4 79 83 0 (-1024 1024 0 ) (-1024 1024 -320 ) (0 1024 -320 ) (0 1024 0 ) 
4 80 104 0 (-1024 0 2048 ) (-1024 0 2240 ) (-1024 1024 2240 ) (-1024 1024 2048 ) 
4 80 84 0 (-1024 0 2240 ) (-1024 0 2048 ) (0 0 2048 ) (0 0 2240 ) 
4 80 81 0 (0 0 2048 ) (-1024 0 2048 ) (-1024 1024 2048 ) (0 1024 2048 ) 
4 81 105 0 (-1024 0 1024 ) (-1024 0 2048 ) (-1024 1024 2048 ) (-1024 1024 1024 ) 
4 81 85 0 (-1024 0 2048 ) (-1024 0 1024 ) (0 0 1024 ) (0 0 2048 ) 
4 81 82 0 (0 0 1024 ) (-1024 0 1024 ) (-1024 1024 1024 ) (0 1024 1024 ) 
4 82 106 0 (-1024 0 0 ) (-1024 0 1024 ) (-1024 1024 1024 ) (-1024 1024 0 ) 
4 82 86 0 (-1024 0 1024 ) (-1024 0 0 ) (0 0 0 ) (0 0 1024 ) 
4 82 83 0 (0 0 0 ) (-1024 0 0 ) (-1024 1024 0 ) (0 1024 0 ) 
4 83 107 0 (-1024 0 -320 ) (-1024 0 0 ) (-1024 1024 0 ) (-1024 1024 -320 ) 
4 83 87 0 (-1024 0 0 ) (-1024 0 -320 ) (0 0 -320 ) (0 0 0 ) 
4 84 108 0 (-1024 -1024 2048 ) (-1024 -1024 2240 ) (-1024 0 2240 ) (-1024 0 2048 ) 
4 84 88 0 (-1024 -1024 2240 ) (-1024 -1024 2048 ) (0 -1024 2048 ) (0 -1024 2240 ) 
4 84 85 0 (0 -1024 2048 ) (-1024 -1024 2048 ) (-1024 0 2048 ) (0 0 2048 ) 
4 85 109 0 (-1024 -1024 1024 ) (-1024 -1024 2048 ) (-1024 0 2048 ) (-1024 0 1024 ) 
4 85 89 0 (-1024 -1024 2048 ) (-1024 -1024 1024 ) (0 -1024 1024 ) (0 -1024 2048 ) 
4 85 86 0 (0 -1024 1024 ) (-1024 -1024 1024 ) (-1024 0 1024 ) (0 0 1024 ) 
4 86 110 0 (-1024 -1024 0 ) (-1024 -1024 1024 ) (-1024 0 1024 ) (-1024 0 0 ) 
4 86 90 0 (-1024 -1024 1024 ) (-1024 -1024 0 ) (0 -1024 0 ) (0 -1024 1024 ) 
4 86 87 0 (0 -1024 0 ) (-1024 -1024 0 ) (-1024 0 0 ) (0 0 0 ) 
4 87 111 0 (-1024 -1024 -320 ) (-1024 -1024 0 ) (-1024 0 0 ) (-1024 0 -320 ) 
4 87 91 0 (-1024 -1024 0 ) (-1024 -1024 -320 ) (0 -1024 -320 ) (0 -1024 0 ) 
4 88 112 0 (-1024 -2048 2048 ) (-1024 -2048 2240 ) (-1024 -1024 2240 ) (-1024 -1024 2048 ) 
4 88 92 0 (-1024 -2048 2240 ) (-1024 -2048 2048 ) (0 -2048 2048 ) (0 -2048 2240 ) 
4 88 89 0 (0 -2048 2048 ) (-1024 -2048 2048 ) (-1024 -1024 2048 ) (0 -1024 2048 ) 
4 89 113 0 (-1024 -2048 1024 ) (-1024 -2048 2048 ) (-1024 -1024 2048 ) (-1024 -1024 1024 ) 
4 89 93 0 (-1024 -2048 2048 ) (-1024 -2048 1024 ) (0 -2048 1024 ) (0 -2048 2048 ) 
4 89 90 0 (0 -2048 1024 ) (-1024 -2048 1024 ) (-1024 -1024 1024 ) (0 -1024 1024 ) 
4 90 114 0 (-1024 -2048 0 ) (-1024 -2048 1024 ) (-1024 -1024 1024 ) (-1024 -1024 0 ) 
4 90 94 0 (-1024 -2048 1024 ) (-1024 -2048 0 ) (0 -2048 0 ) (0 -2048 1024 ) 
4 90 91 0 (0 -2048 0 ) (-1024 -2048 0 ) (-1024 -1024 0 ) (0 -1024 0 ) 
4 91 115 0 (-1024 -2048 -320 ) (-1024 -2048 0 ) (-1024 -1024 0 ) (-1024 -1024 -320 ) 
4 91 95 0 (-1024 -2048 0 ) (-1024 -2048 -320 ) (0 -2048 -320 ) (0 -2048 0 ) 
4 92 116 0 (-1024 -2048 2240 ) (-1024 -2048 2048 ) (-1024 -2880 2048 ) (-1024 -2880 2240 ) 
4 92 93 0 (-1024 -2880 2048 ) (-1024 -2048 2048 ) (0 -2048 2048 ) (0 -2880 2048 ) 
4 93 117 0 (-1024 -2880 2048 ) (-1024 -2048 2048 ) (-1024 -2048 1024 ) (-1024 -2880 1024 ) 
4 93 94 0 (-1024 -2880 1024 ) (-1024 -2048 1024 ) (0 -2048 1024 ) (0 -2880 1024 ) 
4 94 118 0 (-1024 -2880 1024 ) (-1024 -2048 1024 ) (-1024 -2048 0 ) (-1024 -2880 0 ) 
4 94 95 0 (-1024 -2880 0 ) (-1024 -2048 0 ) (0 -2048 0 ) (0 -2880 0 ) 
4 95 119 0 (-1024 -2880 0 ) (-1024 -2048 0 ) (-1024 -2048 -320 ) (-1024 -2880 -320 ) 
4 96 120 0 (-2048 2048 2048 ) (-2048 2048 2240 ) (-2048 2880 2240 ) (-2048 2880 2048 ) 
4 96 100 0 (-2048 2048 2240 ) (-2048 2048 2048 ) (-1024 2048 2048 ) (-1024 2048 2240 ) 
4 96 97 0 (-1024 2048 2048 ) (-2048 2048 2048 ) (-2048 2880 2048 ) (-1024 2880 2048 ) 
4 97 121 0 (-2048 2048 1024 ) (-2048 2048 2048 ) (-2048 2880 2048 ) (-2048 2880 1024 ) 
4 97 101 0 (-2048 2048 2048 ) (-2048 2048 1024 ) (-1024 2048 1024 ) (-1024 2048 2048 ) 
4 97 98 0 (-1024 2048 1024 ) (-2048 2048 1024 ) (-2048 2880 1024 ) (-1024 2880 1024 ) 
4 98 122 0 (-2048 2048 0 ) (-2048 2048 1024 ) (-2048 2880 1024 ) (-2048 2880 0 ) 
4 98 102 0 (-2048 2048 1024 ) (-2048 2048 0 ) (-1024 2048 0 ) (-1024 2048 1024 ) 
4 98 99 0 (-1024 2048 0 ) (-2048 2048 0 ) (-2048 2880 0 ) (-1024 2880 0 ) 
4 99 123 0 (-2048 2048 -320 ) (-2048 2048 0 ) (-2048 2880 0 ) (-2048 2880 -320 ) 
4 99 103 0 (-2048 2048 0 ) (-2048 2048 -320 ) (-1024 2048 -320 ) (-1024 2048 0 ) 
4 100 124 0 (-2048 1024 2048 ) (-2048 1024 2240 ) (-2048 2048 2240 ) (-2048 2048 2048 ) 
4 100 104 0 (-2048 1024 2240 ) (-2048 1024 2048 ) (-1024 1024 2048 ) (-1024 1024 2240 ) 
4 100 101 0 (-1024 1024 2048 ) (-2048 1024 2048 ) (-2048 2048 2048 ) (-1024 2048 2048 ) 
4 101 125 0 (-2048 1024 1024 ) (-2048 1024 2048 ) (-2048 2048 2048 ) (-2048 2048 1024 ) 
4 101 105 0 (-2048 1024 2048 ) (-2048 1024 1024 ) (-1024 1024 1024 ) (-1024 1024 2048 ) 
4 101 102 0 (-1024 1024 1024 ) (-2048 1024 1024 ) (-2048 2048 1024 ) (-1024 2048 1024 ) 
4 102 126 0 (-2048 1024 0 ) (-2048 1024 1024 ) (-2048 2048 1024 ) (-2048 2048 0 ) 
4 102 106 0 (-2048 1024 1024 ) (-2048 1024 0 ) (-1024 1024 0 ) (-1024 1024 1024 ) 
4 102 103 0 (-1024 1024 0 ) (-2048 1024 0 ) (-2048 2048 0 ) (-1024 2048 0 ) 
4 103 127 0 (-2048 1024 -320 ) (-2048 1024 0 ) (-2048 2048 0 ) (-2048 2048 -320 ) 
4 103 107 0 (-2048 1024 0 ) (-2048 1024 -320 ) (-1024 1024 -320 ) (-1024 1024 0 ) 
4 104 128 0 (-2048 0 2048 ) (-2048 0 2240 ) (-2048 1024 2240 ) (-2048 1024 2048 ) 
4 104 108 0 (-2048 0 2240 ) (-2048 0 2048 ) (-1024 0 2048 ) (-1024 0 2240 ) 
4 104 105 0 (-1024 0 2048 ) (-2048 0 2048 ) (-2048 1024 2048 ) (-1024 1024 2048 ) 
4 105 129 0 (-2048 0 1024 ) (-2048 0 2048 ) (-2048 1024 2048 ) (-2048 1024 1024 ) 
4 105 109 0 (-2048 0 2048 ) (-2048 0 1024 ) (-1024 0 1024 ) (-1024 0 2048 ) 
4 105 106 0 (-1024 0 1024 ) (-2048 0 1024 ) (-2048 1024 1024 ) (-1024 1024 1024 ) 
4 106 130 0 (-2048 0 0 ) (-2048 0 1024 ) (-2048 1024 1024 ) (-2048 1024 0 ) 
4 106 110 0 (-2048 0 1024 ) (-2048 0 0 ) (-1024 0 0 ) (-1024 0 1024 ) 
4 106 107 0 (-1024 0 0 ) (-2048 0 0 ) (-2048 1024 0 ) (-1024 1024 0 ) 
4 107 131 0 (-2048 0 -320 ) (-2048 0 0 ) (-2048 1024 0 ) (-2048 1024 -320 ) 
4 107 111 0 (-2048 0 0 ) (-2048 0 -320 ) (-1024 0 -320 ) (-1024 0 0 ) 
4 108 132 0 (-2048 -1024 2048 ) (-2048 -1024 2240 ) (-2048 0 2240 ) (-2048 0 2048 ) 
4 108 112 0 (-2048 -1024 2240 ) (-2048 -1024 2048 ) (-1024 -1024 2048 ) (-1024 -1024 2240 ) 
4 108 109 0 (-1024 -1024 2048 ) (-2048 -1024 2048 ) (-2048 0 2048 ) (-1024 0 2048 ) 
4 109 133 0 (-2048 -1024 1024 ) (-2048 -1024 2048 ) (-2048 0 2048 ) (-2048 0 1024 ) 
4 109 113 0 (-2048 -1024 2048 ) (-2048 -1024 1024 ) (-1024 -1024 1024 ) (-1024 -1024 2048 ) 
4 109 110 0 (-1024 -1024 1024 ) (-2048 -1024 1024 ) (-2048 0 1024 ) (-1024 0 1024 ) 
4 110 134 0 (-2048 -1024 0 ) (-2048 -1024 1024 ) (-2048 0 1024 ) (-2048 0 0 ) 
4 110 114 0 (-2048 -1024 1024 ) (-2048 -1024 0 ) (-1024 -1024 0 ) (-1024 -1024 1024 ) 
4 110 111 0 (-1024 -1024 0 ) (-2048 -1024 0 ) (-2048 0 0 ) (-1024 0 0 ) 
4 111 135 0 (-2048 -1024 -320 ) (-2048 -1024 0 ) (-2048 0 0 ) (-2048 0 -320 ) 
4 111 115 0 (-2048 -1024 0 ) (-2048 -1024 -320 ) (-1024 -1024 -320 ) (-1024 -1024 0 ) 
4 112 136 0 (-2048 -2048 2048 ) (-2048 -2048 2240 ) (-2048 -1024 2240 ) (-2048 -1024 2048 ) 
4 112 116 0 (-2048 -2048 2240 ) (-2048 -2048 2048 ) (-1024 -2048 2048 ) (-1024 -2048 2240 ) 
4 112 113 0 (-1024 -2048 2048 ) (-2048 -2048 2048 ) (-2048 -1024 2048 ) (-1024 -1024 2048 ) 
4 113 137 0 (-2048 -2048 1024 ) (-2048 -2048 2048 ) (-2048 -1024 2048 ) (-2048 -1024 1024 ) 
4 113 117 0 (-2048 -2048 2048 ) (-2048 -2048 1024 ) (-1024 -2048 1024 ) (-1024 -2048 2048 ) 
4 113 114 0 (-1024 -2048 1024 ) (-2048 -2048 1024 ) (-2048 -1024 1024 ) (-1024 -1024 1024 ) 
4 114 138 0 (-2048 -2048 0 ) (-2048 -2048 1024 ) (-2048 -1024 1024 ) (-2048 -1024 0 ) 
4 114 118 0 (-2048 -2048 1024 ) (-2048 -2048 0 ) (-1024 -2048 0 ) (-1024 -2048 1024 ) 
4 114 115 0 (-1024 -2048 0 ) (-2048 -2048 0 ) (-2048 -1024 0 ) (-1024 -1024 0 ) 
4 115 139 0 (-2048 -2048 -320 ) (-2048 -2048 0 ) (-2048 -1024 0 ) (-2048 -1024 -320 ) 
4 115 119 0 (-2048 -2048 0 ) (-2048 -2048 -320 ) (-1024 -2048 -320 ) (-1024 -2048 0 ) 
4 116 140 0 (-2048 -2880 2240 ) (-2048 -2048 2240 ) (-2048 -2048 2048 ) (-2048 -2880 2048 ) 
4 116 117 0 (-2048 -2880 2048 ) (-2048 -2048 2048 ) (-1024 -2048 2048 ) (-1024 -2880 2048 ) 
4 117 141 0 (-2048 -2880 2048 ) (-2048 -2048 2048 ) (-2048 -2048 1024 ) (-2048 -2880 1024 ) 
4 117 118 0 (-2048 -2880 1024 ) (-2048 -2048 1024 ) (-1024 -2048 1024 ) (-1024 -2880 1024 ) 
4 118 142 0 (-2048 -2880 1024 ) (-2048 -2048 1024 ) (-2048 -2048 0 ) (-2048 -2880 0 ) 
4 118 119 0 (-2048 -2880 0 ) (-2048 -2048 0 ) (-1024 -2048 0 ) (-1024 -2880 0 ) 
4 119 143 0 (-2048 -2880 -320 ) (-2048 -2880 0 ) (-2048 -2048 0 ) (-2048 -2048 -320 ) 
4 120 124 0 (-2880 2048 2048 ) (-2048 2048 2048 ) (-2048 2048 2240 ) (-2880 2048 2240 ) 
4 120 121 0 (-2048 2048 2048 ) (-2880 2048 2048 ) (-2880 2880 2048 ) (-2048 2880 2048 ) 
4 121 125 0 (-2880 2048 1024 ) (-2048 2048 1024 ) (-2048 2048 2048 ) (-2880 2048 2048 ) 
4 121 122 0 (-2048 2048 1024 ) (-2880 2048 1024 ) (-2880 2880 1024 ) (-2048 2880 1024 ) 
4 122 126 0 (-2880 2048 0 ) (-2048 2048 0 ) (-2048 2048 1024 ) (-2880 2048 1024 ) 
4 122 123 0 (-2048 2048 0 ) (-2880 2048 0 ) (-2880 2880 0 ) (-2048 2880 0 ) 
4 123 127 0 (-2880 2048 -320 ) (-2048 2048 -320 ) (-2048 2048 0 ) (-2880 2048 0 ) 
4 124 128 0 (-2048 1024 2048 ) (-2048 1024 2240 ) (-2880 1024 2240 ) (-2880 1024 2048 ) 
4 124 125 0 (-2048 1024 2048 ) (-2880 1024 2048 ) (-2880 2048 2048 ) (-2048 2048 2048 ) 
4 125 129 0 (-2048 1024 1024 ) (-2048 1024 2048 ) (-2880 1024 2048 ) (-2880 1024 1024 ) 
4 125 126 0 (-2048 1024 1024 ) (-2880 1024 1024 ) (-2880 2048 1024 ) (-2048 2048 1024 ) 
4 126 130 0 (-2048 1024 0 ) (-2048 1024 1024 ) (-2880 1024 1024 ) (-2880 1024 0 ) 
4 126 127 0 (-2048 1024 0 ) (-2880 1024 0 ) (-2880 2048 0 ) (-2048 2048 0 ) 
4 127 131 0 (-2048 1024 -320 ) (-2048 1024 0 ) (-2880 1024 0 ) (-2880 1024 -320 ) 
4 128 132 0 (-2880 0 2048 ) (-2048 0 2048 ) (-2048 0 2240 ) (-2880 0 2240 ) 
4 128 129 0 (-2048 0 2048 ) (-2880 0 2048 ) (-2880 1024 2048 ) (-2048 1024 2048 ) 
4 129 133 0 (-2880 0 1024 ) (-2048 0 1024 ) (-2048 0 2048 ) (-2880 0 2048 ) 
4 129 130 0 (-2048 0 1024 ) (-2880 0 1024 ) (-2880 1024 1024 ) (-2048 1024 1024 ) 
4 130 134 0 (-2880 0 0 ) (-2048 0 0 ) (-2048 0 1024 ) (-2880 0 1024 ) 
4 130 131 0 (-2048 0 0 ) (-2880 0 0 ) (-2880 1024 0 ) (-2048 1024 0 ) 
4 131 135 0 (-2048 0 -320 ) (-2048 0 0 ) (-2880 0 0 ) (-2880 0 -320 ) 
4 132 136 0 (-2048 -1024 2048 ) (-2048 -1024 2240 ) (-2880 -1024 2240 ) (-2880 -1024 2048 ) 
4 132 133 0 (-2048 -1024 2048 ) (-2880 -1024 2048 ) (-2880 0 2048 ) (-2048 0 2048 ) 
4 133 137 0 (-2048 -1024 1024 ) (-2048 -1024 2048 ) (-2880 -1024 2048 ) (-2880 -1024 1024 ) 
4 133 134 0 (-2048 -1024 1024 ) (-2880 -1024 1024 ) (-2880 0 1024 ) (-2048 0 1024 ) 
4 134 138 0 (-2048 -1024 0 ) (-2048 -1024 1024 ) (-2880 -1024 1024 ) (-2880 -1024 0 ) 
4 134 135 0 (-2048 -1024 0 ) (-2880 -1024 0 ) (-2880 0 0 ) (-2048 0 0 ) 
4 135 139 0 (-2048 -1024 -320 ) (-2048 -1024 0 ) (-2880 -1024 0 ) (-2880 -1024 -320 ) 
4 136 140 0 (-2880 -2048 2048 ) (-2048 -2048 2048 ) (-2048 -2048 2240 ) (-2880 -2048 2240 ) 
4 136 137 0 (-2048 -2048 2048 ) (-2880 -2048 2048 ) (-2880 -1024 2048 ) (-2048 -1024 2048 ) 
4 137 141 0 (-2880 -2048 1024 ) (-2048 -2048 1024 ) (-2048 -2048 2048 ) (-2880 -2048 2048 ) 
4 137 138 0 (-2048 -2048 1024 ) (-2880 -2048 1024 ) (-2880 -1024 1024 ) (-2048 -1024 1024 ) 
4 138 142 0 (-2880 -2048 0 ) (-2048 -2048 0 ) (-2048 -2048 1024 ) (-2880 -2048 1024 ) 
4 138 139 0 (-2048 -2048 0 ) (-2880 -2048 0 ) (-2880 -1024 0 ) (-2048 -1024 0 ) 
4 139 143 0 (-2048 -2048 -320 ) (-2048 -2048 0 ) (-2880 -2048 0 ) (-2880 -2048 -320 ) 
4 140 141 0 (-2880 -2048 2048 ) (-2048 -2048 2048 ) (-2048 -2880 2048 ) (-2880 -2880 2048 ) 
4 141 142 0 (-2880 -2048 1024 ) (-2048 -2048 1024 ) (-2048 -2880 1024 ) (-2880 -2880 1024 ) 
4 142 143 0 (-2880 -2048 0 ) (-2048 -2048 0 ) (-2048 -2880 0 ) (-2880 -2880 0 ) 
4 0 (2880 2880 2240 ) (2048 2880 2240 ) (2048 2048 2240 ) (2880 2048 2240 ) 
4 0 (2880 2880 2240 ) (2880 2880 2048 ) (2048 2880 2048 ) (2048 2880 2240 ) 
4 0 (2880 2048 2048 ) (2880 2880 2048 ) (2880 2880 2240 ) (2880 2048 2240 ) 
4 1 (2048 2880 2048 ) (2880 2880 2048 ) (2880 2880 1024 ) (2048 2880 1024 ) 
4 1 (2880 2048 2048 ) (2880 2048 1024 ) (2880 2880 1024 ) (2880 2880 2048 ) 
4 2 (2880 2880 1024 ) (2880 2048 1024 ) (2880 2048 0 ) (2880 2880 0 ) 
4 2 (2048 2880 1024 ) (2880 2880 1024 ) (2880 2880 0 ) (2048 2880 0 ) 
4 3 (2880 2880 0 ) (2880 2048 0 ) (2880 2048 -320 ) (2880 2880 -320 ) 
4 3 (2880 2048 -320 ) (2048 2048 -320 ) (2048 2880 -320 ) (2880 2880 -320 ) 
4 3 (2048 2880 0 ) (2880 2880 0 ) (2880 2880 -320 ) (2048 2880 -320 ) 
4 4 (2880 1024 2240 ) (2880 1024 2048 ) (2880 2048 2048 ) (2880 2048 2240 ) 
4 4 (2048 1024 2240 ) (2880 1024 2240 ) (2880 2048 2240 ) (2048 2048 2240 ) 
4 5 (2880 2048 2048 ) (2880 1024 2048 ) (2880 1024 1024 ) (2880 2048 1024 ) 
4 6 (2880 2048 1024 ) (2880 1024 1024 ) (2880 1024 0 ) (2880 2048 0 ) 
4 7 (2880 1024 -320 ) (2048 1024 -320 ) (2048 2048 -320 ) (2880 2048 -320 ) 
4 7 (2880 2048 0 ) (2880 1024 0 ) (2880 1024 -320 ) (2880 2048 -320 ) 
4 8 (2880 1024 2240 ) (2048 1024 2240 ) (2048 0 2240 ) (2880 0 2240 ) 
4 8 (2880 1024 2240 ) (2880 0 2240 ) (2880 0 2048 ) (2880 1024 2048 ) 
4 9 (2880 1024 2048 ) (2880 0 2048 ) (2880 0 1024 ) (2880 1024 1024 ) 
4 10 (2880 1024 1024 ) (2880 0 1024 ) (2880 0 0 ) (2880 1024 0 ) 
4 11 (2880 1024 -320 ) (2880 1024 0 ) (2880 0 0 ) (2880 0 -320 ) 
4 11 (2048 1024 -320 ) (2880 1024 -320 ) (2880 0 -320 ) (2048 0 -320 ) 
4 12 (2880 -1024 2240 ) (2880 -1024 2048 ) (2880 0 2048 ) (2880 0 2240 ) 
4 12 (2048 -1024 2240 ) (2880 -1024 2240 ) (2880 0 2240 ) (2048 0 2240 ) 
4 13 (2880 0 2048 ) (2880 -1024 2048 ) (2880 -1024 1024 ) (2880 0 1024 ) 
4 14 (2880 0 1024 ) (2880 -1024 1024 ) (2880 -1024 0 ) (2880 0 0 ) 
4 15 (2880 -1024 -320 ) (2048 -1024 -320 ) (2048 0 -320 ) (2880 0 -320 ) 
4 15 (2880 0 0 ) (2880 -1024 0 ) (2880 -1024 -320 ) (2880 0 -320 ) 
4 16 (2880 -1024 2240 ) (2048 -1024 2240 ) (2048 -2048 2240 ) (2880 -2048 2240 ) 
4 16 (2880 -1024 2240 ) (2880 -2048 2240 ) (2880 -2048 2048 ) (2880 -1024 2048 ) 
4 17 (2880 -1024 2048 ) (2880 -2048 2048 ) (2880 -2048 1024 ) (2880 -1024 1024 ) 
4 18 (2880 -1024 1024 ) (2880 -2048 1024 ) (2880 -2048 0 ) (2880 -1024 0 ) 
4 19 (2880 -1024 -320 ) (2880 -1024 0 ) (2880 -2048 0 ) (2880 -2048 -320 ) 
4 19 (2048 -1024 -320 ) (2880 -1024 -320 ) (2880 -2048 -320 ) (2048 -2048 -320 ) 
4 20 (2880 -2880 2240 ) (2880 -2048 2240 ) (2048 -2048 2240 ) (2048 -2880 2240 ) 
4 20 (2880 -2880 2240 ) (2880 -2880 2048 ) (2880 -2048 2048 ) (2880 -2048 2240 ) 
4 20 (2048 -2880 2048 ) (2880 -2880 2048 ) (2880 -2880 2240 ) (2048 -2880 2240 ) 
4 21 (2880 -2048 2048 ) (2880 -2880 2048 ) (2880 -2880 1024 ) (2880 -2048 1024 ) 
4 21 (2048 -2880 1024 ) (2880 -2880 1024 ) (2880 -2880 2048 ) (2048 -2880 2048 ) 
4 22 (2048 -2880 0 ) (2880 -2880 0 ) (2880 -2880 1024 ) (2048 -2880 1024 ) 
4 22 (2880 -2048 1024 ) (2880 -2880 1024 ) (2880 -2880 0 ) (2880 -2048 0 ) 
4 23 (2048 -2880 -320 ) (2880 -2880 -320 ) (2880 -2880 0 ) (2048 -2880 0 ) 
4 23 (2048 -2880 -320 ) (2048 -2048 -320 ) (2880 -2048 -320 ) (2880 -2880 -320 ) 
4 23 (2880 -2048 0 ) (2880 -2880 0 ) (2880 -2880 -320 ) (2880 -2048 -320 ) 
4 24 (2048 2880 2240 ) (2048 2880 2048 ) (1024 2880 2048 ) (1024 2880 2240 ) 
4 24 (2048 2880 2240 ) (1024 2880 2240 ) (1024 2048 2240 ) (2048 2048 2240 ) 
4 25 (1024 2880 2048 ) (2048 2880 2048 ) (2048 2880 1024 ) (1024 2880 1024 ) 
4 26 (1024 2880 1024 ) (2048 2880 1024 ) (2048 2880 0 ) (1024 2880 0 ) 
4 27 (2048 2048 -320 ) (1024 2048 -320 ) (1024 2880 -320 ) (2048 2880 -320 ) 
4 27 (1024 2880 0 ) (2048 2880 0 ) (2048 2880 -320 ) (1024 2880 -320 ) 
4 28 (2048 2048 2240 ) (1024 2048 2240 ) (1024 1024 2240 ) (2048 1024 2240 ) 
4 31 (2048 1024 -320 ) (1024 1024 -320 ) (1024 2048 -320 ) (2048 2048 -320 ) 
4 32 (2048 1024 2240 ) (1024 1024 2240 ) (1024 0 2240 ) (2048 0 2240 ) 
4 35 (2048 0 -320 ) (1024 0 -320 ) (1024 1024 -320 ) (2048 1024 -320 ) 
4 36 (2048 0 2240 ) (1024 0 2240 ) (1024 -1024 2240 ) (2048 -1024 2240 ) 
4 39 (2048 -1024 -320 ) (1024 -1024 -320 ) (1024 0 -320 ) (2048 0 -320 ) 
4 40 (2048 -1024 2240 ) (1024 -1024 2240 ) (1024 -2048 2240 ) (2048 -2048 2240 ) 
4 43 (2048 -2048 -320 ) (1024 -2048 -320 ) (1024 -1024 -320 ) (2048 -1024 -320 ) 
4 44 (1024 -2880 2240 ) (1024 -2880 2048 ) (2048 -2880 2048 ) (2048 -2880 2240 ) 
4 44 (2048 -2048 2240 ) (1024 -2048 2240 ) (1024 -2880 2240 ) (2048 -2880 2240 ) 
4 45 (1024 -2880 1024 ) (2048 -2880 1024 ) (2048 -2880 2048 ) (1024 -2880 2048 ) 
4 46 (1024 -2880 0 ) (2048 -2880 0 ) (2048 -2880 1024 ) (1024 -2880 1024 ) 
4 47 (1024 -2880 -320 ) (1024 -2048 -320 ) (2048 -2048 -320 ) (2048 -2880 -320 ) 
4 47 (1024 -2880 -320 ) (2048 -2880 -320 ) (2048 -2880 0 ) (1024 -2880 0 ) 
4 48 (1024 2880 2240 ) (0 2880 2240 ) (0 2048 2240 ) (1024 2048 2240 ) 
4 48 (0 2880 2240 ) (1024 2880 2240 ) (1024 2880 2048 ) (0 2880 2048 ) 
4 49 (0 2880 2048 ) (1024 2880 2048 ) (1024 2880 1024 ) (0 2880 1024 ) 
4 50 (0 2880 1024 ) (1024 2880 1024 ) (1024 2880 0 ) (0 2880 0 ) 
4 51 (0 2880 -320 ) (0 2880 0 ) (1024 2880 0 ) (1024 2880 -320 ) 
4 51 (1024 2048 -320 ) (0 2048 -320 ) (0 2880 -320 ) (1024 2880 -320 ) 
4 52 (1024 2048 2240 ) (0 2048 2240 ) (0 1024 2240 ) (1024 1024 2240 ) 
4 55 (1024 1024 -320 ) (0 1024 -320 ) (0 2048 -320 ) (1024 2048 -320 ) 
4 56 (1024 1024 2240 ) (0 1024 2240 ) (0 0 2240 ) (1024 0 2240 ) 
4 59 (1024 0 -320 ) (0 0 -320 ) (0 1024 -320 ) (1024 1024 -320 ) 
4 60 (1024 0 2240 ) (0 0 2240 ) (0 -1024 2240 ) (1024 -1024 2240 ) 
4 63 (1024 -1024 -320 ) (0 -1024 -320 ) (0 0 -320 ) (1024 0 -320 ) 
4 64 (1024 -1024 2240 ) (0 -1024 2240 ) (0 -2048 2240 ) (1024 -2048 2240 ) 
4 67 (1024 -2048 -320 ) (0 -2048 -320 ) (0 -1024 -320 ) (1024 -1024 -320 ) 
4 68 (1024 -2880 2240 ) (1024 -2048 2240 ) (0 -2048 2240 ) (0 -2880 2240 ) 
4 68 (0 -2880 2048 ) (1024 -2880 2048 ) (1024 -2880 2240 ) (0 -2880 2240 ) 
4 69 (0 -2880 1024 ) (1024 -2880 1024 ) (1024 -2880 2048 ) (0 -2880 2048 ) 
4 70 (0 -2880 0 ) (1024 -2880 0 ) (1024 -2880 1024 ) (0 -2880 1024 ) 
4 71 (1024 -2880 -320 ) (1024 -2880 0 ) (0 -2880 0 ) (0 -2880 -320 ) 
4 71 (1024 -2880 -320 ) (0 -2880 -320 ) (0 -2048 -320 ) (1024 -2048 -320 ) 
4 72 (0 2880 2240 ) (0 2880 2048 ) (-1024 2880 2048 ) (-1024 2880 2240 ) 
4 72 (0 2880 2240 ) (-1024 2880 2240 ) (-1024 2048 2240 ) (0 2048 2240 ) 
4 73 (-1024 2880 2048 ) (0 2880 2048 ) (0 2880 1024 ) (-1024 2880 1024 ) 
4 74 (-1024 2880 1024 ) (0 2880 1024 ) (0 2880 0 ) (-1024 2880 0 ) 
4 75 (0 2048 -320 ) (-1024 2048 -320 ) (-1024 2880 -320 ) (0 2880 -320 ) 
4 75 (-1024 2880 0 ) (0 2880 0 ) (0 2880 -320 ) (-1024 2880 -320 ) 
4 76 (0 2048 2240 ) (-1024 2048 2240 ) (-1024 1024 2240 ) (0 1024 2240 ) 
4 79 (0 1024 -320 ) (-1024 1024 -320 ) (-1024 2048 -320 ) (0 2048 -320 ) 
4 80 (0 1024 2240 ) (-1024 1024 2240 ) (-1024 0 2240 ) (0 0 2240 ) 
4 83 (0 0 -320 ) (-1024 0 -320 ) (-1024 1024 -320 ) (0 1024 -320 ) 
4 84 (0 0 2240 ) (-1024 0 2240 ) (-1024 -1024 2240 ) (0 -1024 2240 ) 
4 87 (0 -1024 -320 ) (-1024 -1024 -320 ) (-1024 0 -320 ) (0 0 -320 ) 
4 88 (0 -1024 2240 ) (-1024 -1024 2240 ) (-1024 -2048 2240 ) (0 -2048 2240 ) 
4 91 (0 -2048 -320 ) (-1024 -2048 -320 ) (-1024 -1024 -320 ) (0 -1024 -320 ) 
4 92 (-1024 -2880 2240 ) (-1024 -2880 2048 ) (0 -2880 2048 ) (0 -2880 2240 ) 
4 92 (0 -2048 2240 ) (-1024 -2048 2240 ) (-1024 -2880 2240 ) (0 -2880 2240 ) 
4 93 (-1024 -2880 1024 ) (0 -2880 1024 ) (0 -2880 2048 ) (-1024 -2880 2048 ) 
4 94 (-1024 -2880 0 ) (0 -2880 0 ) (0 -2880 1024 ) (-1024 -2880 1024 ) 
4 95 (-1024 -2880 -320 ) (-1024 -2048 -320 ) (0 -2048 -320 ) (0 -2880 -320 ) 
4 95 (-1024 -2880 -320 ) (0 -2880 -320 ) (0 -2880 0 ) (-1024 -2880 0 ) 
4 96 (-1024 2880 2240 ) (-2048 2880 2240 ) (-2048 2048 2240 ) (-1024 2048 2240 ) 
4 96 (-2048 2880 2240 ) (-1024 2880 2240 ) (-1024 2880 2048 ) (-2048 2880 2048 ) 
4 97 (-2048 2880 2048 ) (-1024 2880 2048 ) (-1024 2880 1024 ) (-2048 2880 1024 ) 
4 98 (-2048 2880 1024 ) (-1024 2880 1024 ) (-1024 2880 0 ) (-2048 2880 0 ) 
4 99 (-2048 2880 -320 ) (-2048 2880 0 ) (-1024 2880 0 ) (-1024 2880 -320 ) 
4 99 (-1024 2048 -320 ) (-2048 2048 -320 ) (-2048 2880 -320 ) (-1024 2880 -320 ) 
4 100 (-1024 2048 2240 ) (-2048 2048 2240 ) (-2048 1024 2240 ) (-1024 1024 2240 ) 
4 103 (-1024 1024 -320 ) (-2048 1024 -320 ) (-2048 2048 -320 ) (-1024 2048 -320 ) 
4 104 (-1024 1024 2240 ) (-2048 1024 2240 ) (-2048 0 2240 ) (-1024 0 2240 ) 
4 107 (-1024 0 -320 ) (-2048 0 -320 ) (-2048 1024 -320 ) (-1024 1024 -320 ) 
4 108 (-1024 0 2240 ) (-2048 0 2240 ) (-2048 -1024 2240 ) (-1024 -1024 2240 ) 
4 111 (-1024 -1024 -320 ) (-2048 -1024 -320 ) (-2048 0 -320 ) (-1024 0 -320 ) 
4 112 (-1024 -1024 2240 ) (-2048 -1024 2240 ) (-2048 -2048 2240 ) (-1024 -2048 2240 ) 
4 115 (-1024 -2048 -320 ) (-2048 -2048 -320 ) (-2048 -1024 -320 ) (-1024 -1024 -320 ) 
4 116 (-1024 -2880 2240 ) (-1024 -2048 2240 ) (-2048 -2048 2240 ) (-2048 -2880 2240 ) 
4 116 (-2048 -2880 2048 ) (-1024 -2880 2048 ) (-1024 -2880 2240 ) (-2048 -2880 2240 ) 
4 117 (-2048 -2880 1024 ) (-1024 -2880 1024 ) (-1024 -2880 2048 ) (-2048 -2880 2048 ) 
4 118 (-2048 -2880 0 ) (-1024 -2880 0 ) (-1024 -2880 1024 ) (-2048 -2880 1024 ) 
4 119 (-1024 -2880 -320 ) (-1024 -2880 0 ) (-2048 -2880 0 ) (-2048 -2880 -320 ) 
4 119 (-1024 -2880 -320 ) (-2048 -2880 -320 ) (-2048 -2048 -320 ) (-1024 -2048 -320 ) 
4 120 (-2048 2880 2240 ) (-2880 2880 2240 ) (-2880 2048 2240 ) (-2048 2048 2240 ) 
4 120 (-2880 2880 2240 ) (-2048 2880 2240 ) (-2048 2880 2048 ) (-2880 2880 2048 ) 
4 120 (-2880 2048 2240 ) (-2880 2880 2240 ) (-2880 2880 2048 ) (-2880 2048 2048 ) 
4 121 (-2880 2880 2048 ) (-2048 2880 2048 ) (-2048 2880 1024 ) (-2880 2880 1024 ) 
4 121 (-2880 2880 2048 ) (-2880 2880 1024 ) (-2880 2048 1024 ) (-2880 2048 2048 ) 
4 122 (-2880 2880 0 ) (-2880 2048 0 ) (-2880 2048 1024 ) (-2880 2880 1024 ) 
4 122 (-2048 2880 1024 ) (-2048 2880 0 ) (-2880 2880 0 ) (-2880 2880 1024 ) 
4 123 (-2880 2880 -320 ) (-2880 2048 -320 ) (-2880 2048 0 ) (-2880 2880 0 ) 
4 123 (-2048 2048 -320 ) (-2880 2048 -320 ) (-2880 2880 -320 ) (-2048 2880 -320 ) 
4 123 (-2048 2880 0 ) (-2048 2880 -320 ) (-2880 2880 -320 ) (-2880 2880 0 ) 
4 124 (-2880 2048 2240 ) (-2880 2048 2048 ) (-2880 1024 2048 ) (-2880 1024 2240 ) 
4 124 (-2048 2048 2240 ) (-2880 2048 2240 ) (-2880 1024 2240 ) (-2048 1024 2240 ) 
4 125 (-2880 2048 1024 ) (-2880 1024 1024 ) (-2880 1024 2048 ) (-2880 2048 2048 ) 
4 126 (-2880 2048 0 ) (-2880 1024 0 ) (-2880 1024 1024 ) (-2880 2048 1024 ) 
4 127 (-2048 1024 -320 ) (-2880 1024 -320 ) (-2880 2048 -320 ) (-2048 2048 -320 ) 
4 127 (-2880 2048 -320 ) (-2880 1024 -320 ) (-2880 1024 0 ) (-2880 2048 0 ) 
4 128 (-2048 1024 2240 ) (-2880 1024 2240 ) (-2880 0 2240 ) (-2048 0 2240 ) 
4 128 (-2880 1024 2048 ) (-2880 0 2048 ) (-2880 0 2240 ) (-2880 1024 2240 ) 
4 129 (-2880 1024 1024 ) (-2880 0 1024 ) (-2880 0 2048 ) (-2880 1024 2048 ) 
4 130 (-2880 1024 0 ) (-2880 0 0 ) (-2880 0 1024 ) (-2880 1024 1024 ) 
4 131 (-2880 0 -320 ) (-2880 0 0 ) (-2880 1024 0 ) (-2880 1024 -320 ) 
4 131 (-2048 0 -320 ) (-2880 0 -320 ) (-2880 1024 -320 ) (-2048 1024 -320 ) 
4 132 (-2880 0 2240 ) (-2880 0 2048 ) (-2880 -1024 2048 ) (-2880 -1024 2240 ) 
4 132 (-2048 0 2240 ) (-2880 0 2240 ) (-2880 -1024 2240 ) (-2048 -1024 2240 ) 
4 133 (-2880 0 1024 ) (-2880 -1024 1024 ) (-2880 -1024 2048 ) (-2880 0 2048 ) 
4 134 (-2880 0 0 ) (-2880 -1024 0 ) (-2880 -1024 1024 ) (-2880 0 1024 ) 
4 135 (-2048 -1024 -320 ) (-2880 -1024 -320 ) (-2880 0 -320 ) (-2048 0 -320 ) 
4 135 (-2880 0 -320 ) (-2880 -1024 -320 ) (-2880 -1024 0 ) (-2880 0 0 ) 
4 136 (-2048 -1024 2240 ) (-2880 -1024 2240 ) (-2880 -2048 2240 ) (-2048 -2048 2240 ) 
4 136 (-2880 -1024 2048 ) (-2880 -2048 2048 ) (-2880 -2048 2240 ) (-2880 -1024 2240 ) 
4 137 (-2880 -1024 1024 ) (-2880 -2048 1024 ) (-2880 -2048 2048 ) (-2880 -1024 2048 ) 
4 138 (-2880 -1024 0 ) (-2880 -2048 0 ) (-2880 -2048 1024 ) (-2880 -1024 1024 ) 
4 139 (-2880 -2048 -320 ) (-2880 -2048 0 ) (-2880 -1024 0 ) (-2880 -1024 -320 ) 
4 139 (-2048 -2048 -320 ) (-2880 -2048 -320 ) (-2880 -1024 -320 ) (-2048 -1024 -320 ) 
4 140 (-2048 -2880 2240 ) (-2048 -2048 2240 ) (-2880 -2048 2240 ) (-2880 -2880 2240 ) 
4 140 (-2880 -2048 2240 ) (-2880 -2048 2048 ) (-2880 -2880 2048 ) (-2880 -2880 2240 ) 
4 140 (-2048 -2880 2240 ) (-2880 -2880 2240 ) (-2880 -2880 2048 ) (-2048 -2880 2048 ) 
4 141 (-2880 -2048 1024 ) (-2880 -2880 1024 ) (-2880 -2880 2048 ) (-2880 -2048 2048 ) 
4 141 (-2880 -2880 2048 ) (-2880 -2880 1024 ) (-2048 -2880 1024 ) (-2048 -2880 2048 ) 
4 142 (-2880 -2880 0 ) (-2048 -2880 0 ) (-2048 -2880 1024 ) (-2880 -2880 1024 ) 
4 142 (-2880 -2048 0 ) (-2880 -2880 0 ) (-2880 -2880 1024 ) (-2880 -2048 1024 ) 
4 143 (-2880 -2880 -320 ) (-2048 -2880 -320 ) (-2048 -2880 0 ) (-2880 -2880 0 ) 
4 143 (-2880 -2048 -320 ) (-2048 -2048 -320 ) (-2048 -2880 -320 ) (-2880 -2880 -320 ) 
4 143 (-2880 -2048 -320 ) (-2880 -2880 -320 ) (-2880 -2880 0 ) (-2880 -2048 0 ) 
